d:\yjyvison\yjysys\yjysys\debug\moc_yjysys.obj
d:\yjyvison\yjysys\yjysys\debug\moc_qextserialbase.obj
d:\yjyvison\yjysys\yjysys\debug\moc_win_qextserialport.obj
d:\yjyvison\yjysys\yjysys\debug\qrc_yjysys.obj
d:\yjyvison\yjysys\yjysys\debug\line.obj
d:\yjyvison\yjysys\yjysys\debug\qextserialbase.obj
d:\yjyvison\yjysys\yjysys\debug\yjysys.obj
d:\yjyvison\yjysys\yjysys\debug\main.obj
d:\yjyvison\yjysys\yjysys\debug\win_qextserialport.obj
d:\yjyvison\yjysys\yjysys\debug\vc141.pdb
d:\yjyvison\yjysys\debug\yjysys.exe
d:\yjyvison\yjysys\debug\yjysys.ilk
d:\yjyvison\yjysys\debug\yjysys.pdb
d:\yjyvison\yjysys\yjysys\debug\\moc\moc_yjysys.cpp
d:\yjyvison\yjysys\yjysys\debug\\moc\moc_qextserialbase.cpp
d:\yjyvison\yjysys\yjysys\debug\\moc\moc_win_qextserialport.cpp
d:\yjyvison\yjysys\yjysys\debug\\rcc\qrc_yjysys.cpp
d:\yjyvison\yjysys\yjysys\debug\\uic\ui_yjysys.h
d:\yjyvison\yjysys\yjysys\debug\uic\ui_yjysys.h
d:\yjyvison\yjysys\yjysys\debug\rcc\qrc_yjysys.cpp
d:\yjyvison\yjysys\yjysys\debug\moc\moc_yjysys.cpp
d:\yjyvison\yjysys\yjysys\debug\moc\moc_qextserialbase.cpp
d:\yjyvison\yjysys\yjysys\debug\moc\moc_win_qextserialport.cpp
d:\yjyvison\yjysys\yjysys\debug\yjysys.tlog\cl.command.1.tlog
d:\yjyvison\yjysys\yjysys\debug\yjysys.tlog\cl.read.1.tlog
d:\yjyvison\yjysys\yjysys\debug\yjysys.tlog\cl.write.1.tlog
d:\yjyvison\yjysys\yjysys\debug\yjysys.tlog\link.command.1.tlog
d:\yjyvison\yjysys\yjysys\debug\yjysys.tlog\link.read.1.tlog
d:\yjyvison\yjysys\yjysys\debug\yjysys.tlog\link.write.1.tlog
d:\yjyvison\yjysys\yjysys\debug\yjysys.tlog\moc.read.1u.tlog
d:\yjyvison\yjysys\yjysys\debug\yjysys.tlog\moc.write.1u.tlog
d:\yjyvison\yjysys\yjysys\debug\yjysys.tlog\rcc.read.1u.tlog
d:\yjyvison\yjysys\yjysys\debug\yjysys.tlog\rcc.write.1u.tlog
d:\yjyvison\yjysys\yjysys\debug\yjysys.tlog\uic.read.1u.tlog
d:\yjyvison\yjysys\yjysys\debug\yjysys.tlog\uic.write.1u.tlog
d:\yjyvison\yjysys\yjysys\debug\yjysys.tlog\yjysys.write.1u.tlog
